# JRE version: OpenJDK Runtime Environment (8.0_242-b01) (build 1.8.0_242-release-1644-b01)
# Java VM: OpenJDK 64-Bit Server VM (25.242-b01 mixed mode windows-amd64 compressed oops)
Heap:
 PSYoungGen      total 141312K, used 100448K [0x00000000e0000000, 0x00000000ea800000, 0x0000000100000000)
  eden space 118784K, 84% used [0x00000000e0000000,0x00000000e6218220,0x00000000e7400000)
  from space 22528K, 0% used [0x00000000e7400000,0x00000000e7400000,0x00000000e8a00000)
  to   space 22016K, 0% used [0x00000000e9280000,0x00000000e9280000,0x00000000ea800000)
 ParOldGen       total 248320K, used 129545K [0x00000000a0000000, 0x00000000af280000, 0x00000000e0000000)
  object space 248320K, 52% used [0x00000000a0000000,0x00000000a7e825d8,0x00000000af280000)
 Metaspace       used 73967K, capacity 77146K, committed 77844K, reserved 1116160K
  class space    used 9728K, capacity 10423K, committed 10556K, reserved 1048576K
GC Heap History (10 events):
Event: 5010.068 GC heap before
{Heap before GC invocations=40 (full 5):
 PSYoungGen      total 119296K, used 17065K [0x00000000e0000000, 0x00000000ea000000, 0x0000000100000000)
  eden space 101888K, 0% used [0x00000000e0000000,0x00000000e0000000,0x00000000e6380000)
  from space 17408K, 98% used [0x00000000e6380000,0x00000000e742a7b8,0x00000000e7480000)
  to   space 19968K, 0% used [0x00000000e8c80000,0x00000000e8c80000,0x00000000ea000000)
 ParOldGen       total 131584K, used 122242K [0x00000000a0000000, 0x00000000a8080000, 0x00000000e0000000)
  object space 131584K, 92% used [0x00000000a0000000,0x00000000a7760828,0x00000000a8080000)
 Metaspace       used 73356K, capacity 76462K, committed 77332K, reserved 1116160K
  class space    used 9643K, capacity 10335K, committed 10556K, reserved 1048576K
Event: 5010.251 GC heap after
Heap after GC invocations=40 (full 5):
 PSYoungGen      total 119296K, used 0K [0x00000000e0000000, 0x00000000ea000000, 0x0000000100000000)
  eden space 101888K, 0% used [0x00000000e0000000,0x00000000e0000000,0x00000000e6380000)
  from space 17408K, 0% used [0x00000000e6380000,0x00000000e6380000,0x00000000e7480000)
  to   space 19968K, 0% used [0x00000000e8c80000,0x00000000e8c80000,0x00000000ea000000)
 ParOldGen       total 176128K, used 104941K [0x00000000a0000000, 0x00000000aac00000, 0x00000000e0000000)
  object space 176128K, 59% used [0x00000000a0000000,0x00000000a667b490,0x00000000aac00000)
 Metaspace       used 73356K, capacity 76462K, committed 77332K, reserved 1116160K
  class space    used 9643K, capacity 10335K, committed 10556K, reserved 1048576K
}
Event: 5011.459 GC heap before
{Heap before GC invocations=41 (full 5):
 PSYoungGen      total 119296K, used 101492K [0x00000000e0000000, 0x00000000ea000000, 0x0000000100000000)
  eden space 101888K, 99% used [0x00000000e0000000,0x00000000e631d2e0,0x00000000e6380000)
  from space 17408K, 0% used [0x00000000e6380000,0x00000000e6380000,0x00000000e7480000)
  to   space 19968K, 0% used [0x00000000e8c80000,0x00000000e8c80000,0x00000000ea000000)
 ParOldGen       total 176128K, used 115078K [0x00000000a0000000, 0x00000000aac00000, 0x00000000e0000000)
  object space 176128K, 65% used [0x00000000a0000000,0x00000000a70618e0,0x00000000aac00000)
 Metaspace       used 73358K, capacity 76462K, committed 77332K, reserved 1116160K
  class space    used 9643K, capacity 10335K, committed 10556K, reserved 1048576K
Event: 5011.486 GC heap after
Heap after GC invocations=41 (full 5):
 PSYoungGen      total 138240K, used 19584K [0x00000000e0000000, 0x00000000ea000000, 0x0000000100000000)
  eden space 118272K, 0% used [0x00000000e0000000,0x00000000e0000000,0x00000000e7380000)
  from space 19968K, 98% used [0x00000000e8c80000,0x00000000e9fa0070,0x00000000ea000000)
  to   space 22528K, 0% used [0x00000000e7400000,0x00000000e7400000,0x00000000e8a00000)
 ParOldGen       total 176128K, used 170064K [0x00000000a0000000, 0x00000000aac00000, 0x00000000e0000000)
  object space 176128K, 96% used [0x00000000a0000000,0x00000000aa6141f8,0x00000000aac00000)
 Metaspace       used 73358K, capacity 76462K, committed 77332K, reserved 1116160K
  class space    used 9643K, capacity 10335K, committed 10556K, reserved 1048576K
}
Event: 5011.486 GC heap before
{Heap before GC invocations=42 (full 6):
 PSYoungGen      total 138240K, used 19584K [0x00000000e0000000, 0x00000000ea000000, 0x0000000100000000)
  eden space 118272K, 0% used [0x00000000e0000000,0x00000000e0000000,0x00000000e7380000)
  from space 19968K, 98% used [0x00000000e8c80000,0x00000000e9fa0070,0x00000000ea000000)
  to   space 22528K, 0% used [0x00000000e7400000,0x00000000e7400000,0x00000000e8a00000)
 ParOldGen       total 176128K, used 170064K [0x00000000a0000000, 0x00000000aac00000, 0x00000000e0000000)
  object space 176128K, 96% used [0x00000000a0000000,0x00000000aa6141f8,0x00000000aac00000)
 Metaspace       used 73358K, capacity 76462K, committed 77332K, reserved 1116160K
  class space    used 9643K, capacity 10335K, committed 10556K, reserved 1048576K
Event: 5011.646 GC heap after
Heap after GC invocations=42 (full 6):
 PSYoungGen      total 138240K, used 0K [0x00000000e0000000, 0x00000000ea000000, 0x0000000100000000)
  eden space 118272K, 0% used [0x00000000e0000000,0x00000000e0000000,0x00000000e7380000)
  from space 19968K, 0% used [0x00000000e8c80000,0x00000000e8c80000,0x00000000ea000000)
  to   space 22528K, 0% used [0x00000000e7400000,0x00000000e7400000,0x00000000e8a00000)
 ParOldGen       total 219648K, used 120380K [0x00000000a0000000, 0x00000000ad680000, 0x00000000e0000000)
  object space 219648K, 54% used [0x00000000a0000000,0x00000000a758f230,0x00000000ad680000)
 Metaspace       used 73358K, capacity 76462K, committed 77332K, reserved 1116160K
  class space    used 9643K, capacity 10335K, committed 10556K, reserved 1048576K
}
Event: 5013.854 GC heap before
{Heap before GC invocations=43 (full 6):
 PSYoungGen      total 138240K, used 118272K [0x00000000e0000000, 0x00000000ea000000, 0x0000000100000000)
  eden space 118272K, 100% used [0x00000000e0000000,0x00000000e7380000,0x00000000e7380000)
  from space 19968K, 0% used [0x00000000e8c80000,0x00000000e8c80000,0x00000000ea000000)
  to   space 22528K, 0% used [0x00000000e7400000,0x00000000e7400000,0x00000000e8a00000)
 ParOldGen       total 219648K, used 175282K [0x00000000a0000000, 0x00000000ad680000, 0x00000000e0000000)
  object space 219648K, 79% used [0x00000000a0000000,0x00000000aab2cb38,0x00000000ad680000)
 Metaspace       used 73369K, capacity 76466K, committed 77332K, reserved 1116160K
  class space    used 9643K, capacity 10335K, committed 10556K, reserved 1048576K
Event: 5013.885 GC heap after
Heap after GC invocations=43 (full 6):
 PSYoungGen      total 141312K, used 12438K [0x00000000e0000000, 0x00000000ea800000, 0x0000000100000000)
  eden space 118784K, 0% used [0x00000000e0000000,0x00000000e0000000,0x00000000e7400000)
  from space 22528K, 55% used [0x00000000e7400000,0x00000000e80259b0,0x00000000e8a00000)
  to   space 22016K, 0% used [0x00000000e9280000,0x00000000e9280000,0x00000000ea800000)
 ParOldGen       total 219648K, used 212146K [0x00000000a0000000, 0x00000000ad680000, 0x00000000e0000000)
  object space 219648K, 96% used [0x00000000a0000000,0x00000000acf2cb68,0x00000000ad680000)
 Metaspace       used 73369K, capacity 76466K, committed 77332K, reserved 1116160K
  class space    used 9643K, capacity 10335K, committed 10556K, reserved 1048576K
}
Event: 5013.885 GC heap before
{Heap before GC invocations=44 (full 7):
 PSYoungGen      total 141312K, used 12438K [0x00000000e0000000, 0x00000000ea800000, 0x0000000100000000)
  eden space 118784K, 0% used [0x00000000e0000000,0x00000000e0000000,0x00000000e7400000)
  from space 22528K, 55% used [0x00000000e7400000,0x00000000e80259b0,0x00000000e8a00000)
  to   space 22016K, 0% used [0x00000000e9280000,0x00000000e9280000,0x00000000ea800000)
 ParOldGen       total 219648K, used 212146K [0x00000000a0000000, 0x00000000ad680000, 0x00000000e0000000)
  object space 219648K, 96% used [0x00000000a0000000,0x00000000acf2cb68,0x00000000ad680000)
 Metaspace       used 73369K, capacity 76466K, committed 77332K, reserved 1116160K
  class space    used 9643K, capacity 10335K, committed 10556K, reserved 1048576K
Event: 5014.143 GC heap after
Heap after GC invocations=44 (full 7):
 PSYoungGen      total 141312K, used 0K [0x00000000e0000000, 0x00000000ea800000, 0x0000000100000000)
  eden space 118784K, 0% used [0x00000000e0000000,0x00000000e0000000,0x00000000e7400000)
  from space 22528K, 0% used [0x00000000e7400000,0x00000000e7400000,0x00000000e8a00000)
  to   space 22016K, 0% used [0x00000000e9280000,0x00000000e9280000,0x00000000ea800000)
 ParOldGen       total 248320K, used 129545K [0x00000000a0000000, 0x00000000af280000, 0x00000000e0000000)
  object space 248320K, 52% used [0x00000000a0000000,0x00000000a7e825d8,0x00000000af280000)
 Metaspace       used 73369K, capacity 76466K, committed 77332K, reserved 1116160K
  class space    used 9643K, capacity 10335K, committed 10556K, reserved 1048576K
}

